

> web@0.1.0 build /Users/semo/Documents/hooneylog/apps/web
> next build

[1m[38;2;173;127;168m▲ Next.js 16.2.1[39m[22m (Turbopack)
- Environments: .env.local

[37m[1m [22m[39m Creating an optimized production build ...
[32m[1m✓[22m[39m Compiled successfully in 2.8s
[?25l[37m[1m [22m[39m Running TypeScript  [36m.[39m[2K[1G[37m[1m [22m[39m Running TypeScript  [36m..[39m[2K[1G[37m[1m [22m[39m Running TypeScript  [36m...[39m[2K[1G[37m[1m [22m[39m Running TypeScript  [36m.[39m[2K[1G[37m[1m [22m[39m Running TypeScript  [36m..[39m[2K[1G[37m[1m [22m[39m Running TypeScript  [36m...[39m[2K[1G[?25h[?25l[37m[1m [22m[39m Finished TypeScript in 1075ms  [36m.[39m[2K[1G[?25h[37m[1m [22m[39m Finished TypeScript in 1075ms    [32m[1m✓[22m[39m Finished TypeScript in 1075ms 
[?25l[37m[1m [22m[39m Collecting page data using 8 workers  [36m.[39m[2K[1G[37m[1m [22m[39m Collecting page data using 8 workers  [36m..[39m(node:13999) [DEP0169] DeprecationWarning: `url.parse()` behavior is not standardized and prone to errors that have security implications. Use the WHATWG URL API instead. CVEs are not issued for `url.parse()` vulnerabilities.
(Use `node --trace-deprecation ...` to show where the warning was created)
[2K[1G[37m[1m [22m[39m Collecting page data using 8 workers  [36m...[39m[2K[1G[37m[1m [22m[39m Collecting page data using 8 workers  [36m.[39m[2K[1G[37m[1m [22m[39m Collecting page data using 8 workers  [36m..[39m[2K[1G[37m[1m [22m[39m Collecting page data using 8 workers  [36m...[39m[2K[1G[37m[1m [22m[39m Collecting page data using 8 workers  [36m.[39m[2K[1G[37m[1m [22m[39m Collecting page data using 8 workers  [36m..[39m[2K[1G[37m[1m [22m[39m Collecting page data using 8 workers  [36m...[39m[2K[1G[37m[1m [22m[39m Collecting page data using 8 workers  [36m.[39m[2K[1G[?25h[37m[1m [22m[39m Collecting page data using 8 workers in 1823ms    [32m[1m✓[22m[39m Collecting page data using 8 workers in 1823ms 
[?25l[37m[1m [22m[39m Generating static pages using 8 workers (0/80)  [36m[    ][39m[2K[1G[37m[1m [22m[39m Generating static pages using 8 workers (0/80)  [36m[=   ][39m(node:13993) [DEP0169] DeprecationWarning: `url.parse()` behavior is not standardized and prone to errors that have security implications. Use the WHATWG URL API instead. CVEs are not issued for `url.parse()` vulnerabilities.
(Use `node --trace-deprecation ...` to show where the warning was created)
(node:14000) [DEP0169] DeprecationWarning: `url.parse()` behavior is not standardized and prone to errors that have security implications. Use the WHATWG URL API instead. CVEs are not issued for `url.parse()` vulnerabilities.
(Use `node --trace-deprecation ...` to show where the warning was created)
(node:13995) [DEP0169] DeprecationWarning: `url.parse()` behavior is not standardized and prone to errors that have security implications. Use the WHATWG URL API instead. CVEs are not issued for `url.parse()` vulnerabilities.
(Use `node --trace-deprecation ...` to show where the warning was created)
(node:13994) [DEP0169] DeprecationWarning: `url.parse()` behavior is not standardized and prone to errors that have security implications. Use the WHATWG URL API instead. CVEs are not issued for `url.parse()` vulnerabilities.
(Use `node --trace-deprecation ...` to show where the warning was created)
[2K[1G[37m[1m [22m[39m Generating static pages using 8 workers (3/80)  [36m[==  ][39m[2K[1G[37m[1m [22m[39m Generating static pages using 8 workers (3/80)  [36m[=== ][39m[2K[1G[37m[1m [22m[39m Generating static pages using 8 workers (3/80)  [36m[ ===][39m❌ [KV] Failed to increment views for 75518a41-0785-41be-9b75-60e8b4a68a6a: Error: @vercel/kv: Missing required environment variables KV_REST_API_URL and KV_REST_API_TOKEN
    at Object.get (.next/server/chunks/ssr/[root-of-the-server]__0mnvfl2._.js:4:1463858)
    at uG (.next/server/chunks/ssr/[root-of-the-server]__0mnvfl2._.js:4:1464121)
    at uJ (.next/server/chunks/ssr/[root-of-the-server]__0mnvfl2._.js:4:1464996)
❌ [KV] Failed to increment views for 16559437-52af-8088-8366-c644dc3296d4: Error: @vercel/kv: Missing required environment variables KV_REST_API_URL and KV_REST_API_TOKEN
    at Object.get (.next/server/chunks/ssr/[root-of-the-server]__0mnvfl2._.js:4:1463858)
    at uG (.next/server/chunks/ssr/[root-of-the-server]__0mnvfl2._.js:4:1464121)
    at uJ (.next/server/chunks/ssr/[root-of-the-server]__0mnvfl2._.js:4:1464996)
❌ [KV] Failed to increment views for 1964ba2a-3e32-4028-8cf2-deff10196d18: Error: @vercel/kv: Missing required environment variables KV_REST_API_URL and KV_REST_API_TOKEN
    at Object.get (.next/server/chunks/ssr/[root-of-the-server]__0mnvfl2._.js:4:1463858)
    at uG (.next/server/chunks/ssr/[root-of-the-server]__0mnvfl2._.js:4:1464121)
    at uJ (.next/server/chunks/ssr/[root-of-the-server]__0mnvfl2._.js:4:1464996)
❌ [KV] Failed to increment views for 35b119c7-a1f6-486d-9fe0-e31d5391eb17: Error: @vercel/kv: Missing required environment variables KV_REST_API_URL and KV_REST_API_TOKEN
    at Object.get (.next/server/chunks/ssr/[root-of-the-server]__0mnvfl2._.js:4:1463858)
    at uG (.next/server/chunks/ssr/[root-of-the-server]__0mnvfl2._.js:4:1464121)
    at uJ (.next/server/chunks/ssr/[root-of-the-server]__0mnvfl2._.js:4:1464996)
❌ [KV] Failed to increment views for f08e574c-f07e-44d6-8b7f-a67b4bd56528: Error: @vercel/kv: Missing required environment variables KV_REST_API_URL and KV_REST_API_TOKEN
    at Object.get (.next/server/chunks/ssr/[root-of-the-server]__0mnvfl2._.js:4:1463858)
    at uG (.next/server/chunks/ssr/[root-of-the-server]__0mnvfl2._.js:4:1464121)
    at uJ (.next/server/chunks/ssr/[root-of-the-server]__0mnvfl2._.js:4:1464996)
❌ [KV] Failed to increment views for 14859437-52af-808c-aa12-d6e47c10893a: Error: @vercel/kv: Missing required environment variables KV_REST_API_URL and KV_REST_API_TOKEN
    at Object.get (.next/server/chunks/ssr/[root-of-the-server]__0mnvfl2._.js:4:1463858)
    at uG (.next/server/chunks/ssr/[root-of-the-server]__0mnvfl2._.js:4:1464121)
    at uJ (.next/server/chunks/ssr/[root-of-the-server]__0mnvfl2._.js:4:1464996)
[2K[1G[37m[1m [22m[39m Generating static pages using 8 workers (8/80)  [36m[  ==][39m❌ [KV] Failed to increment views for fd2867f6-0fd6-4b50-a622-53213168db7d: Error: @vercel/kv: Missing required environment variables KV_REST_API_URL and KV_REST_API_TOKEN
    at Object.get (.next/server/chunks/ssr/[root-of-the-server]__0mnvfl2._.js:4:1463858)
    at uG (.next/server/chunks/ssr/[root-of-the-server]__0mnvfl2._.js:4:1464121)
    at uJ (.next/server/chunks/ssr/[root-of-the-server]__0mnvfl2._.js:4:1464996)
❌ [KV] Failed to increment views for 7426c70d-eb0b-4328-933b-b0ea6ef78611: Error: @vercel/kv: Missing required environment variables KV_REST_API_URL and KV_REST_API_TOKEN
    at Object.get (.next/server/chunks/ssr/[root-of-the-server]__0mnvfl2._.js:4:1463858)
    at uG (.next/server/chunks/ssr/[root-of-the-server]__0mnvfl2._.js:4:1464121)
    at uJ (.next/server/chunks/ssr/[root-of-the-server]__0mnvfl2._.js:4:1464996)
❌ [KV] Failed to increment views for 1462a46e-4870-4f97-8f66-6f2919c01bdd: Error: @vercel/kv: Missing required environment variables KV_REST_API_URL and KV_REST_API_TOKEN
    at Object.get (.next/server/chunks/ssr/[root-of-the-server]__0mnvfl2._.js:4:1463858)
    at uG (.next/server/chunks/ssr/[root-of-the-server]__0mnvfl2._.js:4:1464121)
    at uJ (.next/server/chunks/ssr/[root-of-the-server]__0mnvfl2._.js:4:1464996)
❌ [KV] Failed to increment views for 30353f14-df44-475b-a641-1d9648d016f8: Error: @vercel/kv: Missing required environment variables KV_REST_API_URL and KV_REST_API_TOKEN
    at Object.get (.next/server/chunks/ssr/[root-of-the-server]__0mnvfl2._.js:4:1463858)
    at uG (.next/server/chunks/ssr/[root-of-the-server]__0mnvfl2._.js:4:1464121)
    at uJ (.next/server/chunks/ssr/[root-of-the-server]__0mnvfl2._.js:4:1464996)
❌ [KV] Failed to increment views for 13dd445e-cf39-46d1-8c8d-ab18922b8bb4: Error: @vercel/kv: Missing required environment variables KV_REST_API_URL and KV_REST_API_TOKEN
    at Object.get (.next/server/chunks/ssr/[root-of-the-server]__0mnvfl2._.js:4:1463858)
    at uG (.next/server/chunks/ssr/[root-of-the-server]__0mnvfl2._.js:4:1464121)
    at uJ (.next/server/chunks/ssr/[root-of-the-server]__0mnvfl2._.js:4:1464996)
❌ [KV] Failed to increment views for 4338cc79-8226-4187-9daf-76c3c54fc47e: Error: @vercel/kv: Missing required environment variables KV_REST_API_URL and KV_REST_API_TOKEN
    at Object.get (.next/server/chunks/ssr/[root-of-the-server]__0mnvfl2._.js:4:1463858)
    at uG (.next/server/chunks/ssr/[root-of-the-server]__0mnvfl2._.js:4:1464121)
    at uJ (.next/server/chunks/ssr/[root-of-the-server]__0mnvfl2._.js:4:1464996)
❌ [KV] Failed to increment views for e167b74c-5a04-4d4e-8a52-97f1daa191a1: Error: @vercel/kv: Missing required environment variables KV_REST_API_URL and KV_REST_API_TOKEN
    at Object.get (.next/server/chunks/ssr/[root-of-the-server]__0mnvfl2._.js:4:1463858)
    at uG (.next/server/chunks/ssr/[root-of-the-server]__0mnvfl2._.js:4:1464121)
    at uJ (.next/server/chunks/ssr/[root-of-the-server]__0mnvfl2._.js:4:1464996)
❌ [KV] Failed to increment views for 1371c502-63e9-4c76-898b-991a8383ce5c: Error: @vercel/kv: Missing required environment variables KV_REST_API_URL and KV_REST_API_TOKEN
    at Object.get (.next/server/chunks/ssr/[root-of-the-server]__0mnvfl2._.js:4:1463858)
    at uG (.next/server/chunks/ssr/[root-of-the-server]__0mnvfl2._.js:4:1464121)
    at uJ (.next/server/chunks/ssr/[root-of-the-server]__0mnvfl2._.js:4:1464996)
[2K[1G[37m[1m [22m[39m Generating static pages using 8 workers (16/80)  [36m[   =][39m❌ [KV] Failed to increment views for 33159437-52af-81d3-ace3-d45e8483dc8d: Error: @vercel/kv: Missing required environment variables KV_REST_API_URL and KV_REST_API_TOKEN
    at Object.get (.next/server/chunks/ssr/[root-of-the-server]__0mnvfl2._.js:4:1463858)
    at uG (.next/server/chunks/ssr/[root-of-the-server]__0mnvfl2._.js:4:1464121)
    at uJ (.next/server/chunks/ssr/[root-of-the-server]__0mnvfl2._.js:4:1464996)
❌ [KV] Failed to increment views for 17159437-52af-8064-ad65-c8a922eb9d75: Error: @vercel/kv: Missing required environment variables KV_REST_API_URL and KV_REST_API_TOKEN
    at Object.get (.next/server/chunks/ssr/[root-of-the-server]__0mnvfl2._.js:4:1463858)
    at uG (.next/server/chunks/ssr/[root-of-the-server]__0mnvfl2._.js:4:1464121)
    at uJ (.next/server/chunks/ssr/[root-of-the-server]__0mnvfl2._.js:4:1464996)
❌ [KV] Failed to increment views for d3acc56a-0e72-46c0-8ef1-90fc97c45e67: Error: @vercel/kv: Missing required environment variables KV_REST_API_URL and KV_REST_API_TOKEN
    at Object.get (.next/server/chunks/ssr/[root-of-the-server]__0mnvfl2._.js:4:1463858)
    at uG (.next/server/chunks/ssr/[root-of-the-server]__0mnvfl2._.js:4:1464121)
    at uJ (.next/server/chunks/ssr/[root-of-the-server]__0mnvfl2._.js:4:1464996)
❌ [KV] Failed to increment views for 33159437-52af-8176-9b1b-dc2be13cf6fd: Error: @vercel/kv: Missing required environment variables KV_REST_API_URL and KV_REST_API_TOKEN
    at Object.get (.next/server/chunks/ssr/[root-of-the-server]__0mnvfl2._.js:4:1463858)
    at uG (.next/server/chunks/ssr/[root-of-the-server]__0mnvfl2._.js:4:1464121)
    at uJ (.next/server/chunks/ssr/[root-of-the-server]__0mnvfl2._.js:4:1464996)
[2K[1G[37m[1m [22m[39m Generating static pages using 8 workers (21/80)  [36m[    ][39m[2K[1G[37m[1m [22m[39m Generating static pages using 8 workers (21/80)  [36m[   =][39m[2K[1G[37m[1m [22m[39m Generating static pages using 8 workers (21/80)  [36m[  ==][39m[2K[1G[37m[1m [22m[39m Generating static pages using 8 workers (21/80)  [36m[ ===][39m[2K[1G[37m[1m [22m[39m Generating static pages using 8 workers (21/80)  [36m[====][39m❌ [KV] Failed to increment views for f6e72478-e257-4f6e-8cc7-34f63ba69b29: Error: @vercel/kv: Missing required environment variables KV_REST_API_URL and KV_REST_API_TOKEN
    at Object.get (.next/server/chunks/ssr/[root-of-the-server]__0mnvfl2._.js:4:1463858)
    at uG (.next/server/chunks/ssr/[root-of-the-server]__0mnvfl2._.js:4:1464121)
    at uJ (.next/server/chunks/ssr/[root-of-the-server]__0mnvfl2._.js:4:1464996)
❌ [KV] Failed to increment views for 33159437-52af-81e7-9390-f34344defc43: Error: @vercel/kv: Missing required environment variables KV_REST_API_URL and KV_REST_API_TOKEN
    at Object.get (.next/server/chunks/ssr/[root-of-the-server]__0mnvfl2._.js:4:1463858)
    at uG (.next/server/chunks/ssr/[root-of-the-server]__0mnvfl2._.js:4:1464121)
    at uJ (.next/server/chunks/ssr/[root-of-the-server]__0mnvfl2._.js:4:1464996)
[2K[1G[37m[1m [22m[39m Generating static pages using 8 workers (23/80)  [36m[=== ][39m[2K[1G[37m[1m [22m[39m Generating static pages using 8 workers (23/80)  [36m[==  ][39m[2K[1G[37m[1m [22m[39m Generating static pages using 8 workers (23/80)  [36m[=   ][39m❌ [KV] Failed to increment views for 0310f24b-31ad-4d8b-aa79-4c2c6e757049: Error: @vercel/kv: Missing required environment variables KV_REST_API_URL and KV_REST_API_TOKEN
    at Object.get (.next/server/chunks/ssr/[root-of-the-server]__0mnvfl2._.js:4:1463858)
    at uG (.next/server/chunks/ssr/[root-of-the-server]__0mnvfl2._.js:4:1464121)
    at uJ (.next/server/chunks/ssr/[root-of-the-server]__0mnvfl2._.js:4:1464996)
❌ [KV] Failed to increment views for bf318bc1-bd92-4e2a-88d3-52377fc55c45: Error: @vercel/kv: Missing required environment variables KV_REST_API_URL and KV_REST_API_TOKEN
    at Object.get (.next/server/chunks/ssr/[root-of-the-server]__0mnvfl2._.js:4:1463858)
    at uG (.next/server/chunks/ssr/[root-of-the-server]__0mnvfl2._.js:4:1464121)
    at uJ (.next/server/chunks/ssr/[root-of-the-server]__0mnvfl2._.js:4:1464996)
[2K[1G[37m[1m [22m[39m Generating static pages using 8 workers (26/80)  [36m[    ][39m❌ [KV] Failed to increment views for f4707538-bffc-4991-a205-d7882b6f0ba7: Error: @vercel/kv: Missing required environment variables KV_REST_API_URL and KV_REST_API_TOKEN
    at Object.get (.next/server/chunks/ssr/[root-of-the-server]__0mnvfl2._.js:4:1463858)
    at uG (.next/server/chunks/ssr/[root-of-the-server]__0mnvfl2._.js:4:1464121)
    at uJ (.next/server/chunks/ssr/[root-of-the-server]__0mnvfl2._.js:4:1464996)
❌ [KV] Failed to increment views for 9c28c071-4dac-41fe-a409-637d0a662085: Error: @vercel/kv: Missing required environment variables KV_REST_API_URL and KV_REST_API_TOKEN
    at Object.get (.next/server/chunks/ssr/[root-of-the-server]__0mnvfl2._.js:4:1463858)
    at uG (.next/server/chunks/ssr/[root-of-the-server]__0mnvfl2._.js:4:1464121)
    at uJ (.next/server/chunks/ssr/[root-of-the-server]__0mnvfl2._.js:4:1464996)
[2K[1G[37m[1m [22m[39m Generating static pages using 8 workers (28/80)  [36m[=   ][39m❌ [KV] Failed to increment views for 81801d58-77ce-4997-850b-700798e06c0b: Error: @vercel/kv: Missing required environment variables KV_REST_API_URL and KV_REST_API_TOKEN
    at Object.get (.next/server/chunks/ssr/[root-of-the-server]__0mnvfl2._.js:4:1463858)
    at uG (.next/server/chunks/ssr/[root-of-the-server]__0mnvfl2._.js:4:1464121)
    at uJ (.next/server/chunks/ssr/[root-of-the-server]__0mnvfl2._.js:4:1464996)
❌ [KV] Failed to increment views for 1c16dd1f-e41b-48a8-b45f-7ab5373d0ecb: Error: @vercel/kv: Missing required environment variables KV_REST_API_URL and KV_REST_API_TOKEN
    at Object.get (.next/server/chunks/ssr/[root-of-the-server]__0mnvfl2._.js:4:1463858)
    at uG (.next/server/chunks/ssr/[root-of-the-server]__0mnvfl2._.js:4:1464121)
    at uJ (.next/server/chunks/ssr/[root-of-the-server]__0mnvfl2._.js:4:1464996)
[2K[1G[37m[1m [22m[39m Generating static pages using 8 workers (29/80)  [36m[==  ][39m❌ [KV] Failed to increment views for 14959437-52af-8004-98fa-da13e46b0faf: Error: @vercel/kv: Missing required environment variables KV_REST_API_URL and KV_REST_API_TOKEN
    at Object.get (.next/server/chunks/ssr/[root-of-the-server]__0mnvfl2._.js:4:1463858)
    at uG (.next/server/chunks/ssr/[root-of-the-server]__0mnvfl2._.js:4:1464121)
    at uJ (.next/server/chunks/ssr/[root-of-the-server]__0mnvfl2._.js:4:1464996)
[2K[1G[37m[1m [22m[39m Generating static pages using 8 workers (31/80)  [36m[=== ][39m❌ [KV] Failed to increment views for 7043fab2-8ad6-45e0-aa22-adb12a1a1109: Error: @vercel/kv: Missing required environment variables KV_REST_API_URL and KV_REST_API_TOKEN
    at Object.get (.next/server/chunks/ssr/[root-of-the-server]__0mnvfl2._.js:4:1463858)
    at uG (.next/server/chunks/ssr/[root-of-the-server]__0mnvfl2._.js:4:1464121)
    at uJ (.next/server/chunks/ssr/[root-of-the-server]__0mnvfl2._.js:4:1464996)
❌ [KV] Failed to increment views for 33159437-52af-81bb-8171-c25a0b477be1: Error: @vercel/kv: Missing required environment variables KV_REST_API_URL and KV_REST_API_TOKEN
    at Object.get (.next/server/chunks/ssr/[root-of-the-server]__0mnvfl2._.js:4:1463858)
    at uG (.next/server/chunks/ssr/[root-of-the-server]__0mnvfl2._.js:4:1464121)
    at uJ (.next/server/chunks/ssr/[root-of-the-server]__0mnvfl2._.js:4:1464996)
❌ [KV] Failed to increment views for a1808013-908a-4712-93e1-377588ade29a: Error: @vercel/kv: Missing required environment variables KV_REST_API_URL and KV_REST_API_TOKEN
    at Object.get (.next/server/chunks/ssr/[root-of-the-server]__0mnvfl2._.js:4:1463858)
    at uG (.next/server/chunks/ssr/[root-of-the-server]__0mnvfl2._.js:4:1464121)
    at uJ (.next/server/chunks/ssr/[root-of-the-server]__0mnvfl2._.js:4:1464996)
[2K[1G[37m[1m [22m[39m Generating static pages using 8 workers (34/80)  [36m[ ===][39m[2K[1G[37m[1m [22m[39m Generating static pages using 8 workers (34/80)  [36m[  ==][39m[2K[1G[37m[1m [22m[39m Generating static pages using 8 workers (34/80)  [36m[   =][39m[2K[1G[37m[1m [22m[39m Generating static pages using 8 workers (34/80)  [36m[    ][39m❌ [KV] Failed to increment views for 16259437-52af-80cd-9a8a-c3274a0c652a: Error: @vercel/kv: Missing required environment variables KV_REST_API_URL and KV_REST_API_TOKEN
    at Object.get (.next/server/chunks/ssr/[root-of-the-server]__0mnvfl2._.js:4:1463858)
    at uG (.next/server/chunks/ssr/[root-of-the-server]__0mnvfl2._.js:4:1464121)
    at uJ (.next/server/chunks/ssr/[root-of-the-server]__0mnvfl2._.js:4:1464996)
❌ [KV] Failed to increment views for 33159437-52af-8114-a249-dcb5f88e33a6: Error: @vercel/kv: Missing required environment variables KV_REST_API_URL and KV_REST_API_TOKEN
    at Object.get (.next/server/chunks/ssr/[root-of-the-server]__0mnvfl2._.js:4:1463858)
    at uG (.next/server/chunks/ssr/[root-of-the-server]__0mnvfl2._.js:4:1464121)
    at uJ (.next/server/chunks/ssr/[root-of-the-server]__0mnvfl2._.js:4:1464996)
[2K[1G[37m[1m [22m[39m Generating static pages using 8 workers (36/80)  [36m[   =][39m❌ [KV] Failed to increment views for 33159437-52af-8105-99d6-dc928c616883: Error: @vercel/kv: Missing required environment variables KV_REST_API_URL and KV_REST_API_TOKEN
    at Object.get (.next/server/chunks/ssr/[root-of-the-server]__0mnvfl2._.js:4:1463858)
    at uG (.next/server/chunks/ssr/[root-of-the-server]__0mnvfl2._.js:4:1464121)
    at uJ (.next/server/chunks/ssr/[root-of-the-server]__0mnvfl2._.js:4:1464996)
[2K[1G[37m[1m [22m[39m Generating static pages using 8 workers (37/80)  [36m[  ==][39m❌ [KV] Failed to increment views for 33159437-52af-8178-b03f-fc1efe224ae0: Error: @vercel/kv: Missing required environment variables KV_REST_API_URL and KV_REST_API_TOKEN
    at Object.get (.next/server/chunks/ssr/[root-of-the-server]__0mnvfl2._.js:4:1463858)
    at uG (.next/server/chunks/ssr/[root-of-the-server]__0mnvfl2._.js:4:1464121)
    at uJ (.next/server/chunks/ssr/[root-of-the-server]__0mnvfl2._.js:4:1464996)
❌ [KV] Failed to increment views for 33159437-52af-81b5-be2d-d2f51ab8bb62: Error: @vercel/kv: Missing required environment variables KV_REST_API_URL and KV_REST_API_TOKEN
    at Object.get (.next/server/chunks/ssr/[root-of-the-server]__0mnvfl2._.js:4:1463858)
    at uG (.next/server/chunks/ssr/[root-of-the-server]__0mnvfl2._.js:4:1464121)
    at uJ (.next/server/chunks/ssr/[root-of-the-server]__0mnvfl2._.js:4:1464996)
❌ [KV] Failed to increment views for 2a098a99-cbbe-4100-8b4d-88dcb1b428d5: Error: @vercel/kv: Missing required environment variables KV_REST_API_URL and KV_REST_API_TOKEN
    at Object.get (.next/server/chunks/ssr/[root-of-the-server]__0mnvfl2._.js:4:1463858)
    at uG (.next/server/chunks/ssr/[root-of-the-server]__0mnvfl2._.js:4:1464121)
    at uJ (.next/server/chunks/ssr/[root-of-the-server]__0mnvfl2._.js:4:1464996)
❌ [KV] Failed to increment views for 33159437-52af-8101-af63-ccf9569ba52f: Error: @vercel/kv: Missing required environment variables KV_REST_API_URL and KV_REST_API_TOKEN
    at Object.get (.next/server/chunks/ssr/[root-of-the-server]__0mnvfl2._.js:4:1463858)
    at uG (.next/server/chunks/ssr/[root-of-the-server]__0mnvfl2._.js:4:1464121)
    at uJ (.next/server/chunks/ssr/[root-of-the-server]__0mnvfl2._.js:4:1464996)
[2K[1G[37m[1m [22m[39m Generating static pages using 8 workers (40/80)  [36m[ ===][39m[2K[1G[37m[1m [22m[39m Generating static pages using 8 workers (41/80)  [36m[====][39m[2K[1G[37m[1m [22m[39m Generating static pages using 8 workers (41/80)  [36m[=== ][39m[2K[1G[37m[1m [22m[39m Generating static pages using 8 workers (41/80)  [36m[==  ][39m[2K[1G[37m[1m [22m[39m Generating static pages using 8 workers (41/80)  [36m[=   ][39m[2K[1G[37m[1m [22m[39m Generating static pages using 8 workers (41/80)  [36m[    ][39m[2K[1G[37m[1m [22m[39m Generating static pages using 8 workers (41/80)  [36m[=   ][39m❌ [KV] Failed to increment views for 14659437-52af-80f8-8e9f-d0780d3cb54f: Error: @vercel/kv: Missing required environment variables KV_REST_API_URL and KV_REST_API_TOKEN
    at Object.get (.next/server/chunks/ssr/[root-of-the-server]__0mnvfl2._.js:4:1463858)
    at uG (.next/server/chunks/ssr/[root-of-the-server]__0mnvfl2._.js:4:1464121)
    at uJ (.next/server/chunks/ssr/[root-of-the-server]__0mnvfl2._.js:4:1464996)
[2K[1G[37m[1m [22m[39m Generating static pages using 8 workers (41/80)  [36m[==  ][39m[2K[1G[37m[1m [22m[39m Generating static pages using 8 workers (42/80)  [36m[=== ][39m[2K[1G[37m[1m [22m[39m Generating static pages using 8 workers (42/80)  [36m[ ===][39m[2K[1G[37m[1m [22m[39m Generating static pages using 8 workers (42/80)  [36m[  ==][39m[2K[1G[37m[1m [22m[39m Generating static pages using 8 workers (42/80)  [36m[   =][39m❌ [KV] Failed to increment views for 3a37c4c5-0aec-4932-8ee9-624ac40c55cd: Error: @vercel/kv: Missing required environment variables KV_REST_API_URL and KV_REST_API_TOKEN
    at Object.get (.next/server/chunks/ssr/[root-of-the-server]__0mnvfl2._.js:4:1463858)
    at uG (.next/server/chunks/ssr/[root-of-the-server]__0mnvfl2._.js:4:1464121)
    at uJ (.next/server/chunks/ssr/[root-of-the-server]__0mnvfl2._.js:4:1464996)
[2K[1G[37m[1m [22m[39m Generating static pages using 8 workers (42/80)  [36m[    ][39m[2K[1G[37m[1m [22m[39m Generating static pages using 8 workers (44/80)  [36m[   =][39m❌ [KV] Failed to increment views for 33159437-52af-8182-a953-e6c88c0217a4: Error: @vercel/kv: Missing required environment variables KV_REST_API_URL and KV_REST_API_TOKEN
    at Object.get (.next/server/chunks/ssr/[root-of-the-server]__0mnvfl2._.js:4:1463858)
    at uG (.next/server/chunks/ssr/[root-of-the-server]__0mnvfl2._.js:4:1464121)
    at uJ (.next/server/chunks/ssr/[root-of-the-server]__0mnvfl2._.js:4:1464996)
[2K[1G[37m[1m [22m[39m Generating static pages using 8 workers (45/80)  [36m[  ==][39m[2K[1G[37m[1m [22m[39m Generating static pages using 8 workers (45/80)  [36m[ ===][39m❌ [KV] Failed to increment views for 865db1bc-6659-4f92-acd8-d0238c1bd2e5: Error: @vercel/kv: Missing required environment variables KV_REST_API_URL and KV_REST_API_TOKEN
    at Object.get (.next/server/chunks/ssr/[root-of-the-server]__0mnvfl2._.js:4:1463858)
    at uG (.next/server/chunks/ssr/[root-of-the-server]__0mnvfl2._.js:4:1464121)
    at uJ (.next/server/chunks/ssr/[root-of-the-server]__0mnvfl2._.js:4:1464996)
❌ [KV] Failed to increment views for 50c15206-3ab8-493a-ad08-ff423c534153: Error: @vercel/kv: Missing required environment variables KV_REST_API_URL and KV_REST_API_TOKEN
    at Object.get (.next/server/chunks/ssr/[root-of-the-server]__0mnvfl2._.js:4:1463858)
    at uG (.next/server/chunks/ssr/[root-of-the-server]__0mnvfl2._.js:4:1464121)
    at uJ (.next/server/chunks/ssr/[root-of-the-server]__0mnvfl2._.js:4:1464996)
[2K[1G[37m[1m [22m[39m Generating static pages using 8 workers (47/80)  [36m[====][39m[2K[1G[37m[1m [22m[39m Generating static pages using 8 workers (48/80)  [36m[=== ][39m[2K[1G[37m[1m [22m[39m Generating static pages using 8 workers (48/80)  [36m[==  ][39m[2K[1G[37m[1m [22m[39m Generating static pages using 8 workers (48/80)  [36m[=   ][39m[2K[1G[37m[1m [22m[39m Generating static pages using 8 workers (48/80)  [36m[    ][39m[2K[1G[37m[1m [22m[39m Generating static pages using 8 workers (48/80)  [36m[=   ][39m[2K[1G[37m[1m [22m[39m Generating static pages using 8 workers (48/80)  [36m[==  ][39m❌ [KV] Failed to increment views for 33159437-52af-8114-b261-fd2e2d724e7c: Error: @vercel/kv: Missing required environment variables KV_REST_API_URL and KV_REST_API_TOKEN
    at Object.get (.next/server/chunks/ssr/[root-of-the-server]__0mnvfl2._.js:4:1463858)
    at uG (.next/server/chunks/ssr/[root-of-the-server]__0mnvfl2._.js:4:1464121)
    at uJ (.next/server/chunks/ssr/[root-of-the-server]__0mnvfl2._.js:4:1464996)
[2K[1G[37m[1m [22m[39m Generating static pages using 8 workers (49/80)  [36m[=== ][39m[2K[1G[37m[1m [22m[39m Generating static pages using 8 workers (49/80)  [36m[ ===][39m[2K[1G[37m[1m [22m[39m Generating static pages using 8 workers (49/80)  [36m[  ==][39m[2K[1G[37m[1m [22m[39m Generating static pages using 8 workers (49/80)  [36m[   =][39m[2K[1G[37m[1m [22m[39m Generating static pages using 8 workers (49/80)  [36m[    ][39m❌ [KV] Failed to increment views for 33159437-52af-81de-ae73-c967fbd3f5b3: Error: @vercel/kv: Missing required environment variables KV_REST_API_URL and KV_REST_API_TOKEN
    at Object.get (.next/server/chunks/ssr/[root-of-the-server]__0mnvfl2._.js:4:1463858)
    at uG (.next/server/chunks/ssr/[root-of-the-server]__0mnvfl2._.js:4:1464121)
    at uJ (.next/server/chunks/ssr/[root-of-the-server]__0mnvfl2._.js:4:1464996)
[2K[1G[37m[1m [22m[39m Generating static pages using 8 workers (49/80)  [36m[   =][39m[2K[1G[37m[1m [22m[39m Generating static pages using 8 workers (50/80)  [36m[  ==][39m[2K[1G[37m[1m [22m[39m Generating static pages using 8 workers (50/80)  [36m[ ===][39m[2K[1G[37m[1m [22m[39m Generating static pages using 8 workers (50/80)  [36m[====][39m❌ [KV] Failed to increment views for 8b8511bc-b9b4-451e-9ae0-1d415f27c125: Error: @vercel/kv: Missing required environment variables KV_REST_API_URL and KV_REST_API_TOKEN
    at Object.get (.next/server/chunks/ssr/[root-of-the-server]__0mnvfl2._.js:4:1463858)
    at uG (.next/server/chunks/ssr/[root-of-the-server]__0mnvfl2._.js:4:1464121)
    at uJ (.next/server/chunks/ssr/[root-of-the-server]__0mnvfl2._.js:4:1464996)
[2K[1G[37m[1m [22m[39m Generating static pages using 8 workers (51/80)  [36m[=== ][39m[2K[1G[37m[1m [22m[39m Generating static pages using 8 workers (51/80)  [36m[==  ][39m[2K[1G[37m[1m [22m[39m Generating static pages using 8 workers (51/80)  [36m[=   ][39m[2K[1G[37m[1m [22m[39m Generating static pages using 8 workers (51/80)  [36m[    ][39m❌ [KV] Failed to increment views for 5eca9d99-4758-460b-b6b7-efcd4d7baea4: Error: @vercel/kv: Missing required environment variables KV_REST_API_URL and KV_REST_API_TOKEN
    at Object.get (.next/server/chunks/ssr/[root-of-the-server]__0mnvfl2._.js:4:1463858)
    at uG (.next/server/chunks/ssr/[root-of-the-server]__0mnvfl2._.js:4:1464121)
    at uJ (.next/server/chunks/ssr/[root-of-the-server]__0mnvfl2._.js:4:1464996)
❌ [KV] Failed to increment views for fe8d746d-9e55-458a-af9a-10b3437a01e8: Error: @vercel/kv: Missing required environment variables KV_REST_API_URL and KV_REST_API_TOKEN
    at Object.get (.next/server/chunks/ssr/[root-of-the-server]__0mnvfl2._.js:4:1463858)
    at uG (.next/server/chunks/ssr/[root-of-the-server]__0mnvfl2._.js:4:1464121)
    at uJ (.next/server/chunks/ssr/[root-of-the-server]__0mnvfl2._.js:4:1464996)
[2K[1G[37m[1m [22m[39m Generating static pages using 8 workers (53/80)  [36m[=   ][39m[2K[1G[37m[1m [22m[39m Generating static pages using 8 workers (53/80)  [36m[==  ][39m[2K[1G[37m[1m [22m[39m Generating static pages using 8 workers (53/80)  [36m[=== ][39m❌ [KV] Failed to increment views for 33159437-52af-8061-b0fa-c4da8a292c12: Error: @vercel/kv: Missing required environment variables KV_REST_API_URL and KV_REST_API_TOKEN
    at Object.get (.next/server/chunks/ssr/[root-of-the-server]__0mnvfl2._.js:4:1463858)
    at uG (.next/server/chunks/ssr/[root-of-the-server]__0mnvfl2._.js:4:1464121)
    at uJ (.next/server/chunks/ssr/[root-of-the-server]__0mnvfl2._.js:4:1464996)
❌ [KV] Failed to increment views for 7c09fbb7-1631-4420-8d81-7df8cda02ec3: Error: @vercel/kv: Missing required environment variables KV_REST_API_URL and KV_REST_API_TOKEN
    at Object.get (.next/server/chunks/ssr/[root-of-the-server]__0mnvfl2._.js:4:1463858)
    at uG (.next/server/chunks/ssr/[root-of-the-server]__0mnvfl2._.js:4:1464121)
    at uJ (.next/server/chunks/ssr/[root-of-the-server]__0mnvfl2._.js:4:1464996)
[2K[1G[37m[1m [22m[39m Generating static pages using 8 workers (55/80)  [36m[ ===][39m❌ [KV] Failed to increment views for ef11cc86-cfd1-44d5-8c9f-3f8c4c8e15e8: Error: @vercel/kv: Missing required environment variables KV_REST_API_URL and KV_REST_API_TOKEN
    at Object.get (.next/server/chunks/ssr/[root-of-the-server]__0mnvfl2._.js:4:1463858)
    at uG (.next/server/chunks/ssr/[root-of-the-server]__0mnvfl2._.js:4:1464121)
    at uJ (.next/server/chunks/ssr/[root-of-the-server]__0mnvfl2._.js:4:1464996)
[2K[1G[37m[1m [22m[39m Generating static pages using 8 workers (56/80)  [36m[  ==][39m❌ [KV] Failed to increment views for cb15db75-bd78-4741-bbc4-01c575263d86: Error: @vercel/kv: Missing required environment variables KV_REST_API_URL and KV_REST_API_TOKEN
    at Object.get (.next/server/chunks/ssr/[root-of-the-server]__0mnvfl2._.js:4:1463858)
    at uG (.next/server/chunks/ssr/[root-of-the-server]__0mnvfl2._.js:4:1464121)
    at uJ (.next/server/chunks/ssr/[root-of-the-server]__0mnvfl2._.js:4:1464996)
[2K[1G[37m[1m [22m[39m Generating static pages using 8 workers (57/80)  [36m[   =][39m❌ [KV] Failed to increment views for 16259437-52af-803f-9524-c1ed35ae7b28: Error: @vercel/kv: Missing required environment variables KV_REST_API_URL and KV_REST_API_TOKEN
    at Object.get (.next/server/chunks/ssr/[root-of-the-server]__0mnvfl2._.js:4:1463858)
    at uG (.next/server/chunks/ssr/[root-of-the-server]__0mnvfl2._.js:4:1464121)
    at uJ (.next/server/chunks/ssr/[root-of-the-server]__0mnvfl2._.js:4:1464996)
[2K[1G[37m[1m [22m[39m Generating static pages using 8 workers (58/80)  [36m[    ][39m[2K[1G[37m[1m [22m[39m Generating static pages using 8 workers (58/80)  [36m[   =][39m❌ [KV] Failed to increment views for 33159437-52af-80fc-9698-c41d56343f39: Error: @vercel/kv: Missing required environment variables KV_REST_API_URL and KV_REST_API_TOKEN
    at Object.get (.next/server/chunks/ssr/[root-of-the-server]__0mnvfl2._.js:4:1463858)
    at uG (.next/server/chunks/ssr/[root-of-the-server]__0mnvfl2._.js:4:1464121)
    at uJ (.next/server/chunks/ssr/[root-of-the-server]__0mnvfl2._.js:4:1464996)
[2K[1G[37m[1m [22m[39m Generating static pages using 8 workers (59/80)  [36m[  ==][39m❌ [KV] Failed to increment views for 25fc4a43-24e4-4fca-9458-dddb73098828: Error: @vercel/kv: Missing required environment variables KV_REST_API_URL and KV_REST_API_TOKEN
    at Object.get (.next/server/chunks/ssr/[root-of-the-server]__0mnvfl2._.js:4:1463858)
    at uG (.next/server/chunks/ssr/[root-of-the-server]__0mnvfl2._.js:4:1464121)
    at uJ (.next/server/chunks/ssr/[root-of-the-server]__0mnvfl2._.js:4:1464996)
❌ [KV] Failed to increment views for 48bf4dc0-efab-42f9-9b18-add31677adc8: Error: @vercel/kv: Missing required environment variables KV_REST_API_URL and KV_REST_API_TOKEN
    at Object.get (.next/server/chunks/ssr/[root-of-the-server]__0mnvfl2._.js:4:1463858)
    at uG (.next/server/chunks/ssr/[root-of-the-server]__0mnvfl2._.js:4:1464121)
    at uJ (.next/server/chunks/ssr/[root-of-the-server]__0mnvfl2._.js:4:1464996)
[2K[1G[37m[1m [22m[39m Generating static pages using 8 workers (61/80)  [36m[ ===][39m❌ [KV] Failed to increment views for 0e3c8229-75fc-4e97-a61e-730ab5e41271: Error: @vercel/kv: Missing required environment variables KV_REST_API_URL and KV_REST_API_TOKEN
    at Object.get (.next/server/chunks/ssr/[root-of-the-server]__0mnvfl2._.js:4:1463858)
    at uG (.next/server/chunks/ssr/[root-of-the-server]__0mnvfl2._.js:4:1464121)
    at uJ (.next/server/chunks/ssr/[root-of-the-server]__0mnvfl2._.js:4:1464996)
❌ [KV] Failed to increment views for df59a5ac-e960-493d-b885-b7af5ebcfadc: Error: @vercel/kv: Missing required environment variables KV_REST_API_URL and KV_REST_API_TOKEN
    at Object.get (.next/server/chunks/ssr/[root-of-the-server]__0mnvfl2._.js:4:1463858)
    at uG (.next/server/chunks/ssr/[root-of-the-server]__0mnvfl2._.js:4:1464121)
    at uJ (.next/server/chunks/ssr/[root-of-the-server]__0mnvfl2._.js:4:1464996)
[2K[1G[37m[1m [22m[39m Generating static pages using 8 workers (63/80)  [36m[====][39m❌ [KV] Failed to increment views for 088ecb63-57f8-4722-84ff-949031ab43b5: Error: @vercel/kv: Missing required environment variables KV_REST_API_URL and KV_REST_API_TOKEN
    at Object.get (.next/server/chunks/ssr/[root-of-the-server]__0mnvfl2._.js:4:1463858)
    at uG (.next/server/chunks/ssr/[root-of-the-server]__0mnvfl2._.js:4:1464121)
    at uJ (.next/server/chunks/ssr/[root-of-the-server]__0mnvfl2._.js:4:1464996)
❌ [KV] Failed to increment views for 84aa5bca-ae70-4cb8-b7d0-83d28da2dcfa: Error: @vercel/kv: Missing required environment variables KV_REST_API_URL and KV_REST_API_TOKEN
    at Object.get (.next/server/chunks/ssr/[root-of-the-server]__0mnvfl2._.js:4:1463858)
    at uG (.next/server/chunks/ssr/[root-of-the-server]__0mnvfl2._.js:4:1464121)
    at uJ (.next/server/chunks/ssr/[root-of-the-server]__0mnvfl2._.js:4:1464996)
❌ [KV] Failed to increment views for 563274e0-3b98-41fd-896d-781a01c23628: Error: @vercel/kv: Missing required environment variables KV_REST_API_URL and KV_REST_API_TOKEN
    at Object.get (.next/server/chunks/ssr/[root-of-the-server]__0mnvfl2._.js:4:1463858)
    at uG (.next/server/chunks/ssr/[root-of-the-server]__0mnvfl2._.js:4:1464121)
    at uJ (.next/server/chunks/ssr/[root-of-the-server]__0mnvfl2._.js:4:1464996)
[2K[1G[37m[1m [22m[39m Generating static pages using 8 workers (66/80)  [36m[=== ][39m❌ [KV] Failed to increment views for 719e267d-e996-4722-8d42-dfc6e5283a23: Error: @vercel/kv: Missing required environment variables KV_REST_API_URL and KV_REST_API_TOKEN
    at Object.get (.next/server/chunks/ssr/[root-of-the-server]__0mnvfl2._.js:4:1463858)
    at uG (.next/server/chunks/ssr/[root-of-the-server]__0mnvfl2._.js:4:1464121)
    at uJ (.next/server/chunks/ssr/[root-of-the-server]__0mnvfl2._.js:4:1464996)
[2K[1G[37m[1m [22m[39m Generating static pages using 8 workers (67/80)  [36m[==  ][39m[2K[1G[37m[1m [22m[39m Generating static pages using 8 workers (67/80)  [36m[=   ][39m[2K[1G[37m[1m [22m[39m Generating static pages using 8 workers (67/80)  [36m[    ][39m[2K[1G[37m[1m [22m[39m Generating static pages using 8 workers (67/80)  [36m[=   ][39m❌ [KV] Failed to increment views for 33159437-52af-8125-afb4-f12da47ca2bb: Error: @vercel/kv: Missing required environment variables KV_REST_API_URL and KV_REST_API_TOKEN
    at Object.get (.next/server/chunks/ssr/[root-of-the-server]__0mnvfl2._.js:4:1463858)
    at uG (.next/server/chunks/ssr/[root-of-the-server]__0mnvfl2._.js:4:1464121)
    at uJ (.next/server/chunks/ssr/[root-of-the-server]__0mnvfl2._.js:4:1464996)
❌ [KV] Failed to increment views for 5d98b120-e1d1-448c-b4e7-cd748044406e: Error: @vercel/kv: Missing required environment variables KV_REST_API_URL and KV_REST_API_TOKEN
    at Object.get (.next/server/chunks/ssr/[root-of-the-server]__0mnvfl2._.js:4:1463858)
    at uG (.next/server/chunks/ssr/[root-of-the-server]__0mnvfl2._.js:4:1464121)
    at uJ (.next/server/chunks/ssr/[root-of-the-server]__0mnvfl2._.js:4:1464996)
[2K[1G[37m[1m [22m[39m Generating static pages using 8 workers (69/80)  [36m[==  ][39m❌ [KV] Failed to increment views for 5f66cf9a-cc55-456a-ad41-50d9dfcb152f: Error: @vercel/kv: Missing required environment variables KV_REST_API_URL and KV_REST_API_TOKEN
    at Object.get (.next/server/chunks/ssr/[root-of-the-server]__0mnvfl2._.js:4:1463858)
    at uG (.next/server/chunks/ssr/[root-of-the-server]__0mnvfl2._.js:4:1464121)
    at uJ (.next/server/chunks/ssr/[root-of-the-server]__0mnvfl2._.js:4:1464996)
[2K[1G[37m[1m [22m[39m Generating static pages using 8 workers (70/80)  [36m[=== ][39m[2K[1G[37m[1m [22m[39m Generating static pages using 8 workers (70/80)  [36m[ ===][39m[2K[1G[37m[1m [22m[39m Generating static pages using 8 workers (70/80)  [36m[  ==][39m[2K[1G[37m[1m [22m[39m Generating static pages using 8 workers (70/80)  [36m[   =][39m❌ [KV] Failed to increment views for 9f6eadc2-a860-497a-b016-1c8678600775: Error: @vercel/kv: Missing required environment variables KV_REST_API_URL and KV_REST_API_TOKEN
    at Object.get (.next/server/chunks/ssr/[root-of-the-server]__0mnvfl2._.js:4:1463858)
    at uG (.next/server/chunks/ssr/[root-of-the-server]__0mnvfl2._.js:4:1464121)
    at uJ (.next/server/chunks/ssr/[root-of-the-server]__0mnvfl2._.js:4:1464996)
[2K[1G[37m[1m [22m[39m Generating static pages using 8 workers (71/80)  [36m[    ][39m[2K[1G[37m[1m [22m[39m Generating static pages using 8 workers (71/80)  [36m[   =][39m[2K[1G[37m[1m [22m[39m Generating static pages using 8 workers (71/80)  [36m[  ==][39m[2K[1G[37m[1m [22m[39m Generating static pages using 8 workers (71/80)  [36m[ ===][39m❌ [KV] Failed to increment views for 33159437-52af-81d5-b261-eb01fbd435cc: Error: @vercel/kv: Missing required environment variables KV_REST_API_URL and KV_REST_API_TOKEN
    at Object.get (.next/server/chunks/ssr/[root-of-the-server]__0mnvfl2._.js:4:1463858)
    at uG (.next/server/chunks/ssr/[root-of-the-server]__0mnvfl2._.js:4:1464121)
    at uJ (.next/server/chunks/ssr/[root-of-the-server]__0mnvfl2._.js:4:1464996)
[2K[1G[37m[1m [22m[39m Generating static pages using 8 workers (72/80)  [36m[====][39m❌ [KV] Failed to increment views for a5f37c67-196c-4840-a1bd-b960676d43d7: Error: @vercel/kv: Missing required environment variables KV_REST_API_URL and KV_REST_API_TOKEN
    at Object.get (.next/server/chunks/ssr/[root-of-the-server]__0mnvfl2._.js:4:1463858)
    at uG (.next/server/chunks/ssr/[root-of-the-server]__0mnvfl2._.js:4:1464121)
    at uJ (.next/server/chunks/ssr/[root-of-the-server]__0mnvfl2._.js:4:1464996)
[2K[1G[37m[1m [22m[39m Generating static pages using 8 workers (73/80)  [36m[=== ][39m[2K[1G[37m[1m [22m[39m Generating static pages using 8 workers (73/80)  [36m[==  ][39m[2K[1G[37m[1m [22m[39m Generating static pages using 8 workers (73/80)  [36m[=   ][39m[2K[1G[37m[1m [22m[39m Generating static pages using 8 workers (73/80)  [36m[    ][39m[2K[1G[37m[1m [22m[39m Generating static pages using 8 workers (73/80)  [36m[=   ][39m[2K[1G[37m[1m [22m[39m Generating static pages using 8 workers (73/80)  [36m[==  ][39m[2K[1G[37m[1m [22m[39m Generating static pages using 8 workers (73/80)  [36m[=== ][39m[2K[1G[37m[1m [22m[39m Generating static pages using 8 workers (73/80)  [36m[ ===][39m[2K[1G[37m[1m [22m[39m Generating static pages using 8 workers (73/80)  [36m[  ==][39m[2K[1G[37m[1m [22m[39m Generating static pages using 8 workers (73/80)  [36m[   =][39m[2K[1G[37m[1m [22m[39m Generating static pages using 8 workers (73/80)  [36m[    ][39m[2K[1G[37m[1m [22m[39m Generating static pages using 8 workers (73/80)  [36m[   =][39m[2K[1G[37m[1m [22m[39m Generating static pages using 8 workers (73/80)  [36m[  ==][39m[2K[1G[37m[1m [22m[39m Generating static pages using 8 workers (73/80)  [36m[ ===][39m[2K[1G[37m[1m [22m[39m Generating static pages using 8 workers (73/80)  [36m[====][39m[2K[1G[37m[1m [22m[39m Generating static pages using 8 workers (73/80)  [36m[=== ][39m[2K[1G[37m[1m [22m[39m Generating static pages using 8 workers (73/80)  [36m[==  ][39m❌ [KV] Failed to increment views for 24019f23-504b-45c8-96a7-19c1b68f2c07: Error: @vercel/kv: Missing required environment variables KV_REST_API_URL and KV_REST_API_TOKEN
    at Object.get (.next/server/chunks/ssr/[root-of-the-server]__0mnvfl2._.js:4:1463858)
    at uG (.next/server/chunks/ssr/[root-of-the-server]__0mnvfl2._.js:4:1464121)
    at uJ (.next/server/chunks/ssr/[root-of-the-server]__0mnvfl2._.js:4:1464996)
[2K[1G[37m[1m [22m[39m Generating static pages using 8 workers (74/80)  [36m[=   ][39m[2K[1G[37m[1m [22m[39m Generating static pages using 8 workers (74/80)  [36m[    ][39m[2K[1G[37m[1m [22m[39m Generating static pages using 8 workers (74/80)  [36m[=   ][39m❌ [KV] Failed to increment views for 70ef6440-2243-413e-9ff1-07383b8e86d3: Error: @vercel/kv: Missing required environment variables KV_REST_API_URL and KV_REST_API_TOKEN
    at Object.get (.next/server/chunks/ssr/[root-of-the-server]__0mnvfl2._.js:4:1463858)
    at uG (.next/server/chunks/ssr/[root-of-the-server]__0mnvfl2._.js:4:1464121)
    at uJ (.next/server/chunks/ssr/[root-of-the-server]__0mnvfl2._.js:4:1464996)
[2K[1G[37m[1m [22m[39m Generating static pages using 8 workers (75/80)  [36m[==  ][39m[2K[1G[37m[1m [22m[39m Generating static pages using 8 workers (75/80)  [36m[=== ][39m[2K[1G[37m[1m [22m[39m Generating static pages using 8 workers (75/80)  [36m[ ===][39m[2K[1G[37m[1m [22m[39m Generating static pages using 8 workers (75/80)  [36m[  ==][39m[2K[1G[37m[1m [22m[39m Generating static pages using 8 workers (75/80)  [36m[   =][39m[2K[1G[37m[1m [22m[39m Generating static pages using 8 workers (75/80)  [36m[    ][39m[2K[1G[37m[1m [22m[39m Generating static pages using 8 workers (75/80)  [36m[   =][39m[2K[1G[37m[1m [22m[39m Generating static pages using 8 workers (75/80)  [36m[  ==][39m[2K[1G[37m[1m [22m[39m Generating static pages using 8 workers (75/80)  [36m[ ===][39m[2K[1G[37m[1m [22m[39m Generating static pages using 8 workers (75/80)  [36m[====][39m[2K[1G[37m[1m [22m[39m Generating static pages using 8 workers (75/80)  [36m[=== ][39m[2K[1G[37m[1m [22m[39m Generating static pages using 8 workers (75/80)  [36m[==  ][39m[2K[1G[37m[1m [22m[39m Generating static pages using 8 workers (75/80)  [36m[=   ][39m[2K[1G[37m[1m [22m[39m Generating static pages using 8 workers (75/80)  [36m[    ][39m[2K[1G[37m[1m [22m[39m Generating static pages using 8 workers (75/80)  [36m[=   ][39m[2K[1G[37m[1m [22m[39m Generating static pages using 8 workers (75/80)  [36m[==  ][39m❌ [KV] Failed to increment views for 13c3ade6-178c-4911-9658-ca5ed15aa1c1: Error: @vercel/kv: Missing required environment variables KV_REST_API_URL and KV_REST_API_TOKEN
    at Object.get (.next/server/chunks/ssr/[root-of-the-server]__0mnvfl2._.js:4:1463858)
    at uG (.next/server/chunks/ssr/[root-of-the-server]__0mnvfl2._.js:4:1464121)
    at uJ (.next/server/chunks/ssr/[root-of-the-server]__0mnvfl2._.js:4:1464996)
[2K[1G[37m[1m [22m[39m Generating static pages using 8 workers (76/80)  [36m[=== ][39m[2K[1G[37m[1m [22m[39m Generating static pages using 8 workers (76/80)  [36m[ ===][39m[2K[1G[37m[1m [22m[39m Generating static pages using 8 workers (76/80)  [36m[  ==][39m[2K[1G[37m[1m [22m[39m Generating static pages using 8 workers (76/80)  [36m[   =][39m[2K[1G[37m[1m [22m[39m Generating static pages using 8 workers (76/80)  [36m[    ][39m[2K[1G[37m[1m [22m[39m Generating static pages using 8 workers (76/80)  [36m[   =][39m[2K[1G[37m[1m [22m[39m Generating static pages using 8 workers (76/80)  [36m[  ==][39m[2K[1G[37m[1m [22m[39m Generating static pages using 8 workers (76/80)  [36m[ ===][39m[2K[1G[37m[1m [22m[39m Generating static pages using 8 workers (76/80)  [36m[====][39m[2K[1G[37m[1m [22m[39m Generating static pages using 8 workers (76/80)  [36m[=== ][39m[2K[1G[37m[1m [22m[39m Generating static pages using 8 workers (76/80)  [36m[==  ][39m❌ [KV] Failed to increment views for dd038526-bcc5-43f9-aa3a-290923f8b884: Error: @vercel/kv: Missing required environment variables KV_REST_API_URL and KV_REST_API_TOKEN
    at Object.get (.next/server/chunks/ssr/[root-of-the-server]__0mnvfl2._.js:4:1463858)
    at uG (.next/server/chunks/ssr/[root-of-the-server]__0mnvfl2._.js:4:1464121)
    at uJ (.next/server/chunks/ssr/[root-of-the-server]__0mnvfl2._.js:4:1464996)
[2K[1G[37m[1m [22m[39m Generating static pages using 8 workers (77/80)  [36m[=   ][39m❌ [KV] Failed to increment views for 14524e32-ab4c-4569-b074-3b8495144e82: Error: @vercel/kv: Missing required environment variables KV_REST_API_URL and KV_REST_API_TOKEN
    at Object.get (.next/server/chunks/ssr/[root-of-the-server]__0mnvfl2._.js:4:1463858)
    at uG (.next/server/chunks/ssr/[root-of-the-server]__0mnvfl2._.js:4:1464121)
    at uJ (.next/server/chunks/ssr/[root-of-the-server]__0mnvfl2._.js:4:1464996)
[2K[1G[37m[1m [22m[39m Generating static pages using 8 workers (78/80)  [36m[    ][39m[2K[1G[37m[1m [22m[39m Generating static pages using 8 workers (78/80)  [36m[=   ][39m[2K[1G[37m[1m [22m[39m Generating static pages using 8 workers (78/80)  [36m[==  ][39m[2K[1G[37m[1m [22m[39m Generating static pages using 8 workers (78/80)  [36m[=== ][39m[2K[1G[37m[1m [22m[39m Generating static pages using 8 workers (78/80)  [36m[ ===][39m❌ [KV] Failed to increment views for 5c4798ae-76aa-4cb6-8d11-43fab3ccd109: Error: @vercel/kv: Missing required environment variables KV_REST_API_URL and KV_REST_API_TOKEN
    at Object.get (.next/server/chunks/ssr/[root-of-the-server]__0mnvfl2._.js:4:1463858)
    at uG (.next/server/chunks/ssr/[root-of-the-server]__0mnvfl2._.js:4:1464121)
    at uJ (.next/server/chunks/ssr/[root-of-the-server]__0mnvfl2._.js:4:1464996)
[2K[1G[37m[1m [22m[39m Generating static pages using 8 workers (79/80)  [36m[  ==][39m[2K[1G[37m[1m [22m[39m Generating static pages using 8 workers (79/80)  [36m[   =][39m[2K[1G[37m[1m [22m[39m Generating static pages using 8 workers (79/80)  [36m[    ][39m[2K[1G[37m[1m [22m[39m Generating static pages using 8 workers (79/80)  [36m[   =][39m[2K[1G[37m[1m [22m[39m Generating static pages using 8 workers (79/80)  [36m[  ==][39m[2K[1G[37m[1m [22m[39m Generating static pages using 8 workers (79/80)  [36m[ ===][39m[2K[1G[37m[1m [22m[39m Generating static pages using 8 workers (79/80)  [36m[====][39m[2K[1G[37m[1m [22m[39m Generating static pages using 8 workers (79/80)  [36m[=== ][39m[2K[1G[37m[1m [22m[39m Generating static pages using 8 workers (79/80)  [36m[==  ][39m[2K[1G[37m[1m [22m[39m Generating static pages using 8 workers (79/80)  [36m[=   ][39m[2K[1G[37m[1m [22m[39m Generating static pages using 8 workers (79/80)  [36m[    ][39m[2K[1G[37m[1m [22m[39m Generating static pages using 8 workers (79/80)  [36m[=   ][39m[2K[1G[37m[1m [22m[39m Generating static pages using 8 workers (79/80)  [36m[==  ][39m[2K[1G[37m[1m [22m[39m Generating static pages using 8 workers (79/80)  [36m[=== ][39m[2K[1G[37m[1m [22m[39m Generating static pages using 8 workers (79/80)  [36m[ ===][39m❌ [KV] Failed to increment views for b3d3fc18-e1d7-46f7-93c5-503d4f326e5b: Error: @vercel/kv: Missing required environment variables KV_REST_API_URL and KV_REST_API_TOKEN
    at Object.get (.next/server/chunks/ssr/[root-of-the-server]__0mnvfl2._.js:4:1463858)
    at uG (.next/server/chunks/ssr/[root-of-the-server]__0mnvfl2._.js:4:1464121)
    at uJ (.next/server/chunks/ssr/[root-of-the-server]__0mnvfl2._.js:4:1464996)
[2K[1G[?25h[32m[1m✓[22m[39m Generating static pages using 8 workers (80/80) in 31.0s
[?25l[37m[1m [22m[39m Finalizing page optimization  [36m.[39m[2K[1G[?25h[37m[1m [22m[39m Finalizing page optimization in 5ms    [32m[1m✓[22m[39m Finalizing page optimization in 5ms 

[4mRoute (app)[24m                                     [4mRevalidate[24m  [4mExpire[24m
┌ ○ /                                                   1m      1y
├ ○ /_not-found
├ ● /post/[slug]                                        1m      1y
│ ├ /post/33159437-52af-8176-9b1b-dc2be13cf6fd          1m      1y
│ ├ /post/33159437-52af-81d3-ace3-d45e8483dc8d          1m      1y
│ ├ /post/33159437-52af-81bb-8171-c25a0b477be1          1m      1y
│ └ [+71 more paths]
├ ○ /robots.txt
└ ○ /sitemap.xml


○  (Static)  prerendered as static content
●  (SSG)     prerendered as static HTML (uses [36mgenerateStaticParams[39m)

[?25h
